<?xml version="1.0" encoding="UTF-8"?>
<!-- Generated by org.testng.reporters.JUnitReportReporter -->
<testsuite skipped="0" hostname="sanjay-PC" name="database.ConnectMySQL" tests="1" failures="0" timestamp="13 Nov 2019 15:20:11 GMT" time="6.035" errors="0">
  <testcase name="testDB" time="6.035" classname="database.ConnectMySQL"/>
</testsuite> <!-- database.ConnectMySQL -->
